<?xml version="1.0" encoding="utf-8"?><testsuites name="pytest tests"><testsuite name="pytest" errors="0" failures="0" skipped="0" tests="22" time="135.294" timestamp="2026-05-30T23:20:39.109584+00:00" hostname="agent-env-30da5202-8b77-4f16-abd5-a5a47a4b9f96"><testcase classname="backend.tests.test_ehs_rag_iteration3" name="test_admin_login_regression" time="0.493" /><testcase classname="backend.tests.test_ehs_rag_iteration3" name="test_jurisdictions_list" time="0.111" /><testcase classname="backend.tests.test_ehs_rag_iteration3" name="test_new_user_needs_onboarding" time="0.336" /><testcase classname="backend.tests.test_ehs_rag_iteration3" name="test_patch_me_completes_onboarding" time="0.117" /><testcase classname="backend.tests.test_ehs_rag_iteration3" name="test_patch_me_rejects_invalid_jurisdiction" time="0.119" /><testcase classname="backend.tests.test_ehs_rag_iteration3" name="test_chat_high_risk_flags" time="32.277" /><testcase classname="backend.tests.test_ehs_rag_iteration3" name="test_chat_non_risk_followups" time="19.995" /><testcase classname="backend.tests.test_ehs_rag_iteration3" name="test_chat_stream_done_has_followups" time="18.091" /><testcase classname="backend.tests.test_ehs_rag_iteration3" name="test_submit_feedback_down" time="21.857" /><testcase classname="backend.tests.test_ehs_rag_iteration3" name="test_feedback_upsert_same_row" time="0.265" /><testcase classname="backend.tests.test_ehs_rag_iteration3" name="test_feedback_queue_superadmin" time="0.319" /><testcase classname="backend.tests.test_ehs_rag_iteration3" name="test_feedback_annotate_sets_reviewed" time="0.374" /><testcase classname="backend.tests.test_ehs_rag_iteration3" name="test_annotation_matched_by_relevance" time="25.993" /><testcase classname="backend.tests.test_ehs_rag_iteration3" name="test_analytics_superadmin" time="0.227" /><testcase classname="backend.tests.test_ehs_rag_iteration3" name="test_analytics_forbidden_for_non_superadmin" time="0.108" /><testcase classname="backend.tests.test_ehs_rag_iteration3" name="test_supersedes_retires_old_doc" time="2.570" /><testcase classname="backend.tests.test_ehs_rag_iteration3" name="test_list_excludes_superseded_by_default" time="0.245" /><testcase classname="backend.tests.test_ehs_rag_iteration3" name="test_supersedes_audit_log" time="0.125" /><testcase classname="backend.tests.test_ehs_rag_iteration3" name="test_expired_doc_marked_expired" time="1.231" /><testcase classname="backend.tests.test_ehs_rag_iteration3" name="test_expired_doc_excluded_from_retrieval" time="9.759" /><testcase classname="backend.tests.test_ehs_rag_iteration3" name="test_admin_stats_new_fields" time="0.138" /><testcase classname="backend.tests.test_ehs_rag_iteration3" name="test_ssrf_localhost_still_rejected" time="0.490" /></testsuite></testsuites>