<?xml version="1.0" encoding="utf-8"?><testsuites name="pytest tests"><testsuite name="pytest" errors="0" failures="0" skipped="0" tests="16" time="115.496" timestamp="2026-05-30T22:12:08.487311+00:00" hostname="agent-env-30da5202-8b77-4f16-abd5-a5a47a4b9f96"><testcase classname="backend.tests.test_ehs_rag_api" name="test_health" time="0.204" /><testcase classname="backend.tests.test_ehs_rag_api" name="test_login_admin" time="0.397" /><testcase classname="backend.tests.test_ehs_rag_api" name="test_register_new_user" time="0.351" /><testcase classname="backend.tests.test_ehs_rag_api" name="test_auth_me" time="0.436" /><testcase classname="backend.tests.test_ehs_rag_api" name="test_auth_me_unauthenticated" time="0.112" /><testcase classname="backend.tests.test_ehs_rag_api" name="test_admin_stats_superadmin" time="0.116" /><testcase classname="backend.tests.test_ehs_rag_api" name="test_admin_stats_non_superadmin_forbidden" time="0.135" /><testcase classname="backend.tests.test_ehs_rag_api" name="test_list_documents_seeded" time="0.181" /><testcase classname="backend.tests.test_ehs_rag_api" name="test_document_upload_and_processed" time="2.339" /><testcase classname="backend.tests.test_ehs_rag_api" name="test_reprocess_seeded_doc" time="0.250" /><testcase classname="backend.tests.test_ehs_rag_api" name="test_chat_first_message" time="33.645" /><testcase classname="backend.tests.test_ehs_rag_api" name="test_chat_continuation_history" time="36.421" /><testcase classname="backend.tests.test_ehs_rag_api" name="test_list_sessions" time="0.112" /><testcase classname="backend.tests.test_ehs_rag_api" name="test_company_priority_boost" time="27.024" /><testcase classname="backend.tests.test_ehs_rag_api" name="test_delete_session" time="12.065" /><testcase classname="backend.tests.test_ehs_rag_api" name="test_web_source_full_flow" time="1.665" /></testsuite></testsuites>