<?xml version="1.0" encoding="utf-8"?><testsuites name="pytest tests"><testsuite name="pytest" errors="0" failures="0" skipped="0" tests="14" time="87.680" timestamp="2026-05-30T22:44:14.392297+00:00" hostname="agent-env-30da5202-8b77-4f16-abd5-a5a47a4b9f96"><testcase classname="backend.tests.test_ehs_rag_iteration2" name="test_login_regression" time="0.422" /><testcase classname="backend.tests.test_ehs_rag_iteration2" name="test_chat_iso45001_top_source" time="14.151" /><testcase classname="backend.tests.test_ehs_rag_iteration2" name="test_prompt_injection_refusal" time="9.029" /><testcase classname="backend.tests.test_ehs_rag_iteration2" name="test_chat_stream_sse" time="19.655" /><testcase classname="backend.tests.test_ehs_rag_iteration2" name="test_web_source_ssrf_metadata_blocked" time="0.168" /><testcase classname="backend.tests.test_ehs_rag_iteration2" name="test_web_source_ssrf_localhost_blocked" time="0.128" /><testcase classname="backend.tests.test_ehs_rag_iteration2" name="test_web_source_public_url_succeeds" time="0.283" /><testcase classname="backend.tests.test_ehs_rag_iteration2" name="test_audit_log_create_and_delete_websource" time="1.338" /><testcase classname="backend.tests.test_ehs_rag_iteration2" name="test_audit_log_forbidden_for_user" time="0.446" /><testcase classname="backend.tests.test_ehs_rag_iteration2" name="test_hallucination_guardrail_benzene" time="15.289" /><testcase classname="backend.tests.test_ehs_rag_iteration2" name="test_uploaded_doc_top_source" time="26.220" /><testcase classname="backend.tests.test_ehs_rag_iteration2" name="test_audit_upload_document" time="0.170" /><testcase classname="backend.tests.test_ehs_rag_iteration2" name="test_admin_stats_iter2" time="0.119" /><testcase classname="backend.tests.test_ehs_rag_iteration2" name="test_chat_sessions_list" time="0.242" /></testsuite></testsuites>