<?xml version="1.0" encoding="utf-8"?><testsuites name="pytest tests"><testsuite name="pytest" errors="0" failures="0" skipped="1" tests="14" time="54.613" timestamp="2026-05-31T13:17:18.688939+00:00" hostname="agent-env-30da5202-8b77-4f16-abd5-a5a47a4b9f96"><testcase classname="backend.tests.test_ehs_rag_iteration4" name="test_health_no_qdrant_field" time="0.260" /><testcase classname="backend.tests.test_ehs_rag_iteration4" name="test_health_qdrant_split" time="0.101" /><testcase classname="backend.tests.test_ehs_rag_iteration4" name="test_health_fast_under_load" time="0.540" /><testcase classname="backend.tests.test_ehs_rag_iteration4" name="test_login_async_verify_password" time="0.329" /><testcase classname="backend.tests.test_ehs_rag_iteration4" name="test_login_wrong_password" time="0.320" /><testcase classname="backend.tests.test_ehs_rag_iteration4" name="test_register_already_registered_email" time="0.112" /><testcase classname="backend.tests.test_ehs_rag_iteration4" name="test_register_invite_only_gating" time="0.095" /><testcase classname="backend.tests.test_ehs_rag_iteration4" name="test_register_with_invite_code_uses_async_hash" time="0.377"><skipped type="pytest.skip" message="Could not create invite code via known endpoints; gating itself verified above">/app/backend/tests/test_ehs_rag_iteration4.py:136: Could not create invite code via known endpoints; gating itself verified above</skipped></testcase><testcase classname="backend.tests.test_ehs_rag_iteration4" name="test_upload_small_doc_and_processed" time="0.346" /><testcase classname="backend.tests.test_ehs_rag_iteration4" name="test_cancel_doc_during_processing" time="2.527" /><testcase classname="backend.tests.test_ehs_rag_iteration4" name="test_delete_doc_returns_204" time="0.483" /><testcase classname="backend.tests.test_ehs_rag_iteration4" name="test_large_doc_all_chunks_indexed" time="29.493" /><testcase classname="backend.tests.test_ehs_rag_iteration4" name="test_event_loop_responsive_during_ingestion" time="9.591" /><testcase classname="backend.tests.test_ehs_rag_iteration4" name="test_chat_stream_basic" time="9.999" /></testsuite></testsuites>