<?xml version="1.0" encoding="utf-8"?><testsuites name="pytest tests"><testsuite name="pytest" errors="0" failures="0" skipped="0" tests="5" time="26.322" timestamp="2026-06-11T00:07:17.330174+00:00" hostname="agent-env-abd37f86-aa53-4906-a082-2e1844334c2e"><testcase classname="backend.tests.test_gis_rebrand_iteration8.TestAuthNoOnboarding" name="test_login_returns_no_onboarding" time="0.478" /><testcase classname="backend.tests.test_gis_rebrand_iteration8.TestDocumentUpload" name="test_doc_has_author" time="0.231" /><testcase classname="backend.tests.test_gis_rebrand_iteration8.TestDocumentUpload" name="test_doc_processes_to_ready" time="2.327" /><testcase classname="backend.tests.test_gis_rebrand_iteration8.TestChatStream" name="test_chat_emits_sources_with_author" time="12.065" /><testcase classname="backend.tests.test_gis_rebrand_iteration8.TestAcknowledgement" name="test_acknowledge_assistant_message" time="11.205" /></testsuite></testsuites>