<?xml version="1.0" encoding="utf-8"?><testsuites name="pytest tests"><testsuite name="pytest" errors="0" failures="1" skipped="0" tests="15" time="60.985" timestamp="2026-05-31T18:31:08.563743+00:00" hostname="agent-env-30da5202-8b77-4f16-abd5-a5a47a4b9f96"><testcase classname="tests.test_ehs_rag_iteration7.TestGetDocumentMetadata" name="test_owner_can_fetch_metadata" time="0.638" /><testcase classname="tests.test_ehs_rag_iteration7.TestGetDocumentMetadata" name="test_404_on_missing_doc" time="0.247" /><testcase classname="tests.test_ehs_rag_iteration7.TestGetDocumentMetadata" name="test_cross_tenant_403" time="1.378" /><testcase classname="tests.test_ehs_rag_iteration7.TestGetDocumentMetadata" name="test_superadmin_can_fetch_any" time="0.117" /><testcase classname="tests.test_ehs_rag_iteration7.TestGetDocumentMetadata" name="test_unauthenticated_rejected" time="0.123" /><testcase classname="tests.test_ehs_rag_iteration7.TestDownloadDocument" name="test_owner_can_download_inline" time="0.107" /><testcase classname="tests.test_ehs_rag_iteration7.TestDownloadDocument" name="test_download_404_on_missing" time="0.108" /><testcase classname="tests.test_ehs_rag_iteration7.TestDownloadDocument" name="test_download_cross_tenant_403" time="0.108" /><testcase classname="tests.test_ehs_rag_iteration7.TestSourcesEnvelope" name="test_sources_payload_is_object_with_envelope" time="17.518" /><testcase classname="tests.test_ehs_rag_iteration7.TestSourcesEnvelope" name="test_superadmin_has_no_company_sources" time="18.185"><failure message="AssertionError: assert [{'chunk_text...et.txt', ...}] == []&#10;  &#10;  Left contains one more item: {'chunk_text': 'Acme company-only test doc. Confined space PPE: SCBA, harness, gas meter. ITER7.', 'doc_id': '799035c5-150d-4987-964c-5a6bb4c70a11', 'doc_type': 'sop', 'filename': 'iter7_acme_secret.txt', ...}&#10;  &#10;  Full diff:&#10;  - []&#10;  + [&#10;  +     {...&#10;  &#10;  ...Full output truncated (14 lines hidden), use '-vv' to show">tests/test_ehs_rag_iteration7.py:235: in test_superadmin_has_no_company_sources
    assert data["sources"] == []
E   AssertionError: assert [{'chunk_text...et.txt', ...}] == []
E     
E     Left contains one more item: {'chunk_text': 'Acme company-only test doc. Confined space PPE: SCBA, harness, gas meter. ITER7.', 'doc_id': '799035c5-150d-4987-964c-5a6bb4c70a11', 'doc_type': 'sop', 'filename': 'iter7_acme_secret.txt', ...}
E     
E     Full diff:
E     - []
E     + [
E     +     {...
E     
E     ...Full output truncated (14 lines hidden), use '-vv' to show</failure></testcase><testcase classname="tests.test_ehs_rag_iteration7.TestSourcesEnvelope" name="test_done_event_has_followups_pending" time="19.628" /><testcase classname="tests.test_ehs_rag_iteration7.TestLitellmParamsBranching" name="test_proxy_path_when_anthropic_key_unset" time="2.013" /><testcase classname="tests.test_ehs_rag_iteration7.TestLitellmParamsBranching" name="test_direct_anthropic_path_when_key_set" time="0.001" /><testcase classname="tests.test_ehs_rag_iteration7.TestRegression" name="test_cors_preflight_on_chat_stream" time="0.098" /><testcase classname="tests.test_ehs_rag_iteration7.TestRegression" name="test_document_upload_and_delete_roundtrip" time="0.647" /></testsuite></testsuites>