<?xml version="1.0" encoding="utf-8"?><testsuites name="pytest tests"><testsuite name="pytest" errors="0" failures="0" skipped="0" tests="14" time="146.339" timestamp="2026-05-31T17:51:09.983910+00:00" hostname="agent-env-30da5202-8b77-4f16-abd5-a5a47a4b9f96"><testcase classname="tests.test_ehs_rag_iteration6" name="test_sources_event_arrives_under_8s" time="8.402" /><testcase classname="tests.test_ehs_rag_iteration6" name="test_done_event_has_followups_pending_flag" time="9.592" /><testcase classname="tests.test_ehs_rag_iteration6" name="test_lazy_followups_returns_list_and_is_cached" time="28.084" /><testcase classname="tests.test_ehs_rag_iteration6" name="test_lazy_followups_404_on_unknown_session" time="0.105" /><testcase classname="tests.test_ehs_rag_iteration6" name="test_lazy_followups_other_user_session_returns_404_or_403" time="12.865" /><testcase classname="tests.test_ehs_rag_iteration6" name="test_embedding_cache_warm_query_works" time="50.896" /><testcase classname="tests.test_ehs_rag_iteration6" name="test_source_response_includes_tier_field" time="11.651" /><testcase classname="tests.test_ehs_rag_iteration6" name="test_upload_with_source_base_corpus_results_in_global_tier" time="8.538" /><testcase classname="tests.test_ehs_rag_iteration6" name="test_upload_form_source_superadmin_is_overridden_to_base_corpus" time="0.238" /><testcase classname="tests.test_ehs_rag_iteration6" name="test_upload_with_source_regional_base_accepted_but_overridden" time="0.638" /><testcase classname="tests.test_ehs_rag_iteration6" name="test_narrow_query_does_not_break_retrieval" time="7.705" /><testcase classname="tests.test_ehs_rag_iteration6" name="test_seed_global_sources_imports_with_19_entries" time="0.271" /><testcase classname="tests.test_ehs_rag_iteration6" name="test_regression_full_sse_flow_intact" time="7.199" /><testcase classname="tests.test_ehs_rag_iteration6" name="test_regression_cors_preflight_on_chat_stream" time="0.117" /></testsuite></testsuites>