<?xml version="1.0" encoding="utf-8"?><testsuites name="pytest tests"><testsuite name="pytest" errors="0" failures="0" skipped="0" tests="12" time="78.595" timestamp="2026-05-31T16:25:54.015388+00:00" hostname="agent-env-30da5202-8b77-4f16-abd5-a5a47a4b9f96"><testcase classname="backend.tests.test_ehs_rag_iteration5" name="test_sse_first_byte_starts_with_2kb_pad" time="0.543" /><testcase classname="backend.tests.test_ehs_rag_iteration5" name="test_sse_keepalive_ping_comments" time="22.519" /><testcase classname="backend.tests.test_ehs_rag_iteration5" name="test_sse_event_flow_session_sources_tokens_done" time="10.973" /><testcase classname="backend.tests.test_ehs_rag_iteration5" name="test_qdrant_reset_requires_confirm" time="0.188" /><testcase classname="backend.tests.test_ehs_rag_iteration5" name="test_qdrant_reset_rejects_bad_collection" time="0.115" /><testcase classname="backend.tests.test_ehs_rag_iteration5" name="test_qdrant_reset_forbidden_for_non_superadmin" time="0.471" /><testcase classname="backend.tests.test_ehs_rag_iteration5" name="test_qdrant_reset_missing_auth_returns_401_or_403" time="0.112" /><testcase classname="backend.tests.test_ehs_rag_iteration5" name="test_qdrant_reset_valid_company_collection" time="0.223" /><testcase classname="backend.tests.test_ehs_rag_iteration5" name="test_large_doc_batch16_completes" time="23.563" /><testcase classname="backend.tests.test_ehs_rag_iteration5" name="test_ingest_then_chat_end_to_end" time="19.644" /><testcase classname="backend.tests.test_ehs_rag_iteration5" name="test_health_basic" time="0.100" /><testcase classname="backend.tests.test_ehs_rag_iteration5" name="test_health_qdrant" time="0.109" /></testsuite></testsuites>